<?xml version="1.0" encoding="UTF-8"?>
<testng-results skipped="0" failed="0" total="1" passed="1">
  <reporter-output>
  </reporter-output>
  <suite name="Suite" duration-ms="23189" started-at="2018-12-07T15:47:03Z" finished-at="2018-12-07T15:47:26Z">
    <groups>
    </groups>
    <test name="Test" duration-ms="23189" started-at="2018-12-07T15:47:03Z" finished-at="2018-12-07T15:47:26Z">
      <class name="com.click.Plivo">
        <test-method status="PASS" signature="Assignment()[pri:0, instance:com.click.Plivo@3b81a1bc]" name="Assignment" duration-ms="23176" started-at="2018-12-07T21:17:03Z" finished-at="2018-12-07T21:17:26Z">
          <reporter-output>
          </reporter-output>
        </test-method> <!-- Assignment -->
      </class> <!-- com.click.Plivo -->
    </test> <!-- Test -->
  </suite> <!-- Suite -->
</testng-results>
